# JRE version: OpenJDK Runtime Environment Temurin-21.0.9+10 (21.0.9+10) (build 21.0.9+10-LTS)
# Java VM: OpenJDK 64-Bit Server VM Temurin-21.0.9+10 (21.0.9+10-LTS, mixed mode, sharing, tiered, compressed oops, compressed class ptrs, parallel gc, windows-amd64)
GC Precious Log:
 CardTable entry size: 512
 CPUs: 8 total, 8 available
 Memory: 7834M
 Large Page Support: Disabled
 NUMA Support: Disabled
 Compressed Oops: Enabled (32-bit)
 Alignments: Space 512K, Generation 512K, Heap 2M
 Heap Min Capacity: 100M
 Heap Initial Capacity: 100M
 Heap Max Capacity: 2G
 Pre-touch: Disabled
 Parallel Workers: 8
Heap:
 PSYoungGen      total 4608K, used 2373K [0x00000000d5580000, 0x00000000d5b00000, 0x0000000100000000)
  eden space 4096K, 47% used [0x00000000d5580000,0x00000000d57616d0,0x00000000d5980000)
  from space 512K, 87% used [0x00000000d5a80000,0x00000000d5af0000,0x00000000d5b00000)
  to   space 512K, 0% used [0x00000000d5a00000,0x00000000d5a00000,0x00000000d5a80000)
 ParOldGen       total 456192K, used 455738K [0x0000000080000000, 0x000000009bd80000, 0x00000000d5580000)
  object space 456192K, 99% used [0x0000000080000000,0x000000009bd0e9e0,0x000000009bd80000)
 Metaspace       used 93266K, committed 95296K, reserved 1179648K
  class space    used 9286K, committed 10240K, reserved 1048576K
GC Heap History (20 events):
Event: 2273.905 GC heap before
{Heap before GC invocations=2869 (full 7):
 PSYoungGen      total 3072K, used 3046K [0x00000000d5580000, 0x00000000d5d80000, 0x0000000100000000)
  eden space 2048K, 98% used [0x00000000d5580000,0x00000000d5779ba0,0x00000000d5780000)
  from space 1024K, 100% used [0x00000000d5a80000,0x00000000d5b80000,0x00000000d5b80000)
  to   space 3072K, 0% used [0x00000000d5780000,0x00000000d5780000,0x00000000d5a80000)
 ParOldGen       total 418304K, used 417976K [0x0000000080000000, 0x0000000099880000, 0x00000000d5580000)
  object space 418304K, 99% used [0x0000000080000000,0x000000009982e0e0,0x0000000099880000)
 Metaspace       used 93221K, committed 95232K, reserved 1179648K
  class space    used 9284K, committed 10240K, reserved 1048576K
}
Event: 2273.908 GC heap after
{Heap after GC invocations=2869 (full 7):
 PSYoungGen      total 4096K, used 1760K [0x00000000d5580000, 0x00000000d5c00000, 0x0000000100000000)
  eden space 2048K, 0% used [0x00000000d5580000,0x00000000d5580000,0x00000000d5780000)
  from space 2048K, 85% used [0x00000000d5780000,0x00000000d5938000,0x00000000d5980000)
  to   space 2048K, 0% used [0x00000000d5a00000,0x00000000d5a00000,0x00000000d5c00000)
 ParOldGen       total 419328K, used 419048K [0x0000000080000000, 0x0000000099980000, 0x00000000d5580000)
  object space 419328K, 99% used [0x0000000080000000,0x000000009993a0e0,0x0000000099980000)
 Metaspace       used 93221K, committed 95232K, reserved 1179648K
  class space    used 9284K, committed 10240K, reserved 1048576K
}
Event: 2273.914 GC heap before
{Heap before GC invocations=2870 (full 7):
 PSYoungGen      total 4096K, used 3465K [0x00000000d5580000, 0x00000000d5c00000, 0x0000000100000000)
  eden space 2048K, 83% used [0x00000000d5580000,0x00000000d572a7c8,0x00000000d5780000)
  from space 2048K, 85% used [0x00000000d5780000,0x00000000d5938000,0x00000000d5980000)
  to   space 2048K, 0% used [0x00000000d5a00000,0x00000000d5a00000,0x00000000d5c00000)
 ParOldGen       total 419328K, used 419048K [0x0000000080000000, 0x0000000099980000, 0x00000000d5580000)
  object space 419328K, 99% used [0x0000000080000000,0x000000009993a0e0,0x0000000099980000)
 Metaspace       used 93222K, committed 95232K, reserved 1179648K
  class space    used 9284K, committed 10240K, reserved 1048576K
}
Event: 2273.917 GC heap after
{Heap after GC invocations=2870 (full 7):
 PSYoungGen      total 4096K, used 1248K [0x00000000d5580000, 0x00000000d5b80000, 0x0000000100000000)
  eden space 2560K, 0% used [0x00000000d5580000,0x00000000d5580000,0x00000000d5800000)
  from space 1536K, 81% used [0x00000000d5a00000,0x00000000d5b38000,0x00000000d5b80000)
  to   space 1536K, 0% used [0x00000000d5880000,0x00000000d5880000,0x00000000d5a00000)
 ParOldGen       total 420864K, used 420432K [0x0000000080000000, 0x0000000099b00000, 0x00000000d5580000)
  object space 420864K, 99% used [0x0000000080000000,0x0000000099a940e0,0x0000000099b00000)
 Metaspace       used 93222K, committed 95232K, reserved 1179648K
  class space    used 9284K, committed 10240K, reserved 1048576K
}
Event: 2273.938 GC heap before
{Heap before GC invocations=2871 (full 7):
 PSYoungGen      total 4096K, used 3807K [0x00000000d5580000, 0x00000000d5b80000, 0x0000000100000000)
  eden space 2560K, 99% used [0x00000000d5580000,0x00000000d57fffe0,0x00000000d5800000)
  from space 1536K, 81% used [0x00000000d5a00000,0x00000000d5b38000,0x00000000d5b80000)
  to   space 1536K, 0% used [0x00000000d5880000,0x00000000d5880000,0x00000000d5a00000)
 ParOldGen       total 452608K, used 451152K [0x0000000080000000, 0x000000009ba00000, 0x00000000d5580000)
  object space 452608K, 99% used [0x0000000080000000,0x000000009b894110,0x000000009ba00000)
 Metaspace       used 93222K, committed 95232K, reserved 1179648K
  class space    used 9284K, committed 10240K, reserved 1048576K
}
Event: 2273.940 GC heap after
{Heap after GC invocations=2871 (full 7):
 PSYoungGen      total 4608K, used 1252K [0x00000000d5580000, 0x00000000d5b80000, 0x0000000100000000)
  eden space 3072K, 0% used [0x00000000d5580000,0x00000000d5580000,0x00000000d5880000)
  from space 1536K, 81% used [0x00000000d5880000,0x00000000d59b9210,0x00000000d5a00000)
  to   space 1536K, 0% used [0x00000000d5a00000,0x00000000d5a00000,0x00000000d5b80000)
 ParOldGen       total 452608K, used 452064K [0x0000000080000000, 0x000000009ba00000, 0x00000000d5580000)
  object space 452608K, 99% used [0x0000000080000000,0x000000009b978120,0x000000009ba00000)
 Metaspace       used 93222K, committed 95232K, reserved 1179648K
  class space    used 9284K, committed 10240K, reserved 1048576K
}
Event: 2273.956 GC heap before
{Heap before GC invocations=2872 (full 7):
 PSYoungGen      total 4608K, used 4324K [0x00000000d5580000, 0x00000000d5b80000, 0x0000000100000000)
  eden space 3072K, 100% used [0x00000000d5580000,0x00000000d5880000,0x00000000d5880000)
  from space 1536K, 81% used [0x00000000d5880000,0x00000000d59b9210,0x00000000d5a00000)
  to   space 1536K, 0% used [0x00000000d5a00000,0x00000000d5a00000,0x00000000d5b80000)
 ParOldGen       total 452608K, used 452064K [0x0000000080000000, 0x000000009ba00000, 0x00000000d5580000)
  object space 452608K, 99% used [0x0000000080000000,0x000000009b978120,0x000000009ba00000)
 Metaspace       used 93222K, committed 95232K, reserved 1179648K
  class space    used 9284K, committed 10240K, reserved 1048576K
}
Event: 2273.959 GC heap after
{Heap after GC invocations=2872 (full 7):
 PSYoungGen      total 5120K, used 608K [0x00000000d5580000, 0x00000000d5b80000, 0x0000000100000000)
  eden space 3584K, 0% used [0x00000000d5580000,0x00000000d5580000,0x00000000d5900000)
  from space 1536K, 39% used [0x00000000d5a00000,0x00000000d5a98000,0x00000000d5b80000)
  to   space 1024K, 0% used [0x00000000d5900000,0x00000000d5900000,0x00000000d5a00000)
 ParOldGen       total 453632K, used 453194K [0x0000000080000000, 0x000000009bb00000, 0x00000000d5580000)
  object space 453632K, 99% used [0x0000000080000000,0x000000009ba928e0,0x000000009bb00000)
 Metaspace       used 93222K, committed 95232K, reserved 1179648K
  class space    used 9284K, committed 10240K, reserved 1048576K
}
Event: 2273.968 GC heap before
{Heap before GC invocations=2873 (full 7):
 PSYoungGen      total 5120K, used 4192K [0x00000000d5580000, 0x00000000d5b80000, 0x0000000100000000)
  eden space 3584K, 100% used [0x00000000d5580000,0x00000000d5900000,0x00000000d5900000)
  from space 1536K, 39% used [0x00000000d5a00000,0x00000000d5a98000,0x00000000d5b80000)
  to   space 1024K, 0% used [0x00000000d5900000,0x00000000d5900000,0x00000000d5a00000)
 ParOldGen       total 453632K, used 453194K [0x0000000080000000, 0x000000009bb00000, 0x00000000d5580000)
  object space 453632K, 99% used [0x0000000080000000,0x000000009ba928e0,0x000000009bb00000)
 Metaspace       used 93234K, committed 95232K, reserved 1179648K
  class space    used 9286K, committed 10240K, reserved 1048576K
}
Event: 2273.970 GC heap after
{Heap after GC invocations=2873 (full 7):
 PSYoungGen      total 4608K, used 352K [0x00000000d5580000, 0x00000000d5b00000, 0x0000000100000000)
  eden space 3584K, 0% used [0x00000000d5580000,0x00000000d5580000,0x00000000d5900000)
  from space 1024K, 34% used [0x00000000d5900000,0x00000000d5958000,0x00000000d5a00000)
  to   space 512K, 0% used [0x00000000d5a80000,0x00000000d5a80000,0x00000000d5b00000)
 ParOldGen       total 454144K, used 453666K [0x0000000080000000, 0x000000009bb80000, 0x00000000d5580000)
  object space 454144K, 99% used [0x0000000080000000,0x000000009bb088e0,0x000000009bb80000)
 Metaspace       used 93234K, committed 95232K, reserved 1179648K
  class space    used 9286K, committed 10240K, reserved 1048576K
}
Event: 2273.987 GC heap before
{Heap before GC invocations=2874 (full 7):
 PSYoungGen      total 4608K, used 3936K [0x00000000d5580000, 0x00000000d5b00000, 0x0000000100000000)
  eden space 3584K, 100% used [0x00000000d5580000,0x00000000d5900000,0x00000000d5900000)
  from space 1024K, 34% used [0x00000000d5900000,0x00000000d5958000,0x00000000d5a00000)
  to   space 512K, 0% used [0x00000000d5a80000,0x00000000d5a80000,0x00000000d5b00000)
 ParOldGen       total 454144K, used 453666K [0x0000000080000000, 0x000000009bb80000, 0x00000000d5580000)
  object space 454144K, 99% used [0x0000000080000000,0x000000009bb088e0,0x000000009bb80000)
 Metaspace       used 93236K, committed 95232K, reserved 1179648K
  class space    used 9286K, committed 10240K, reserved 1048576K
}
Event: 2273.988 GC heap after
{Heap after GC invocations=2874 (full 7):
 PSYoungGen      total 4608K, used 512K [0x00000000d5580000, 0x00000000d5c00000, 0x0000000100000000)
  eden space 4096K, 0% used [0x00000000d5580000,0x00000000d5580000,0x00000000d5980000)
  from space 512K, 100% used [0x00000000d5a80000,0x00000000d5b00000,0x00000000d5b00000)
  to   space 1024K, 0% used [0x00000000d5980000,0x00000000d5980000,0x00000000d5a80000)
 ParOldGen       total 454144K, used 453962K [0x0000000080000000, 0x000000009bb80000, 0x00000000d5580000)
  object space 454144K, 99% used [0x0000000080000000,0x000000009bb52920,0x000000009bb80000)
 Metaspace       used 93236K, committed 95232K, reserved 1179648K
  class space    used 9286K, committed 10240K, reserved 1048576K
}
Event: 2274.007 GC heap before
{Heap before GC invocations=2875 (full 7):
 PSYoungGen      total 4608K, used 4608K [0x00000000d5580000, 0x00000000d5c00000, 0x0000000100000000)
  eden space 4096K, 100% used [0x00000000d5580000,0x00000000d5980000,0x00000000d5980000)
  from space 512K, 100% used [0x00000000d5a80000,0x00000000d5b00000,0x00000000d5b00000)
  to   space 1024K, 0% used [0x00000000d5980000,0x00000000d5980000,0x00000000d5a80000)
 ParOldGen       total 454144K, used 453962K [0x0000000080000000, 0x000000009bb80000, 0x00000000d5580000)
  object space 454144K, 99% used [0x0000000080000000,0x000000009bb52920,0x000000009bb80000)
 Metaspace       used 93237K, committed 95232K, reserved 1179648K
  class space    used 9286K, committed 10240K, reserved 1048576K
}
Event: 2274.009 GC heap after
{Heap after GC invocations=2875 (full 7):
 PSYoungGen      total 5120K, used 740K [0x00000000d5580000, 0x00000000d5b80000, 0x0000000100000000)
  eden space 4096K, 0% used [0x00000000d5580000,0x00000000d5580000,0x00000000d5980000)
  from space 1024K, 72% used [0x00000000d5980000,0x00000000d5a39210,0x00000000d5a80000)
  to   space 1024K, 0% used [0x00000000d5a80000,0x00000000d5a80000,0x00000000d5b80000)
 ParOldGen       total 454656K, used 454314K [0x0000000080000000, 0x000000009bc00000, 0x00000000d5580000)
  object space 454656K, 99% used [0x0000000080000000,0x000000009bbaa940,0x000000009bc00000)
 Metaspace       used 93237K, committed 95232K, reserved 1179648K
  class space    used 9286K, committed 10240K, reserved 1048576K
}
Event: 2274.018 GC heap before
{Heap before GC invocations=2876 (full 7):
 PSYoungGen      total 5120K, used 4836K [0x00000000d5580000, 0x00000000d5b80000, 0x0000000100000000)
  eden space 4096K, 100% used [0x00000000d5580000,0x00000000d5980000,0x00000000d5980000)
  from space 1024K, 72% used [0x00000000d5980000,0x00000000d5a39210,0x00000000d5a80000)
  to   space 1024K, 0% used [0x00000000d5a80000,0x00000000d5a80000,0x00000000d5b80000)
 ParOldGen       total 454656K, used 454314K [0x0000000080000000, 0x000000009bc00000, 0x00000000d5580000)
  object space 454656K, 99% used [0x0000000080000000,0x000000009bbaa940,0x000000009bc00000)
 Metaspace       used 93237K, committed 95232K, reserved 1179648K
  class space    used 9286K, committed 10240K, reserved 1048576K
}
Event: 2274.020 GC heap after
{Heap after GC invocations=2876 (full 7):
 PSYoungGen      total 5120K, used 544K [0x00000000d5580000, 0x00000000d5b80000, 0x0000000100000000)
  eden space 4096K, 0% used [0x00000000d5580000,0x00000000d5580000,0x00000000d5980000)
  from space 1024K, 53% used [0x00000000d5a80000,0x00000000d5b08000,0x00000000d5b80000)
  to   space 1024K, 0% used [0x00000000d5980000,0x00000000d5980000,0x00000000d5a80000)
 ParOldGen       total 455168K, used 454930K [0x0000000080000000, 0x000000009bc80000, 0x00000000d5580000)
  object space 455168K, 99% used [0x0000000080000000,0x000000009bc448a0,0x000000009bc80000)
 Metaspace       used 93237K, committed 95232K, reserved 1179648K
  class space    used 9286K, committed 10240K, reserved 1048576K
}
Event: 2274.029 GC heap before
{Heap before GC invocations=2877 (full 7):
 PSYoungGen      total 5120K, used 4640K [0x00000000d5580000, 0x00000000d5b80000, 0x0000000100000000)
  eden space 4096K, 100% used [0x00000000d5580000,0x00000000d5980000,0x00000000d5980000)
  from space 1024K, 53% used [0x00000000d5a80000,0x00000000d5b08000,0x00000000d5b80000)
  to   space 1024K, 0% used [0x00000000d5980000,0x00000000d5980000,0x00000000d5a80000)
 ParOldGen       total 455168K, used 454930K [0x0000000080000000, 0x000000009bc80000, 0x00000000d5580000)
  object space 455168K, 99% used [0x0000000080000000,0x000000009bc448a0,0x000000009bc80000)
 Metaspace       used 93237K, committed 95232K, reserved 1179648K
  class space    used 9286K, committed 10240K, reserved 1048576K
}
Event: 2274.031 GC heap after
{Heap after GC invocations=2877 (full 7):
 PSYoungGen      total 5120K, used 544K [0x00000000d5580000, 0x00000000d5b80000, 0x0000000100000000)
  eden space 4096K, 0% used [0x00000000d5580000,0x00000000d5580000,0x00000000d5980000)
  from space 1024K, 53% used [0x00000000d5980000,0x00000000d5a08000,0x00000000d5a80000)
  to   space 1024K, 0% used [0x00000000d5a80000,0x00000000d5a80000,0x00000000d5b80000)
 ParOldGen       total 455680K, used 455346K [0x0000000080000000, 0x000000009bd00000, 0x00000000d5580000)
  object space 455680K, 99% used [0x0000000080000000,0x000000009bcac8c0,0x000000009bd00000)
 Metaspace       used 93237K, committed 95232K, reserved 1179648K
  class space    used 9286K, committed 10240K, reserved 1048576K
}
Event: 2274.038 GC heap before
{Heap before GC invocations=2878 (full 7):
 PSYoungGen      total 5120K, used 4640K [0x00000000d5580000, 0x00000000d5b80000, 0x0000000100000000)
  eden space 4096K, 100% used [0x00000000d5580000,0x00000000d5980000,0x00000000d5980000)
  from space 1024K, 53% used [0x00000000d5980000,0x00000000d5a08000,0x00000000d5a80000)
  to   space 1024K, 0% used [0x00000000d5a80000,0x00000000d5a80000,0x00000000d5b80000)
 ParOldGen       total 455680K, used 455346K [0x0000000080000000, 0x000000009bd00000, 0x00000000d5580000)
  object space 455680K, 99% used [0x0000000080000000,0x000000009bcac8c0,0x000000009bd00000)
 Metaspace       used 93237K, committed 95232K, reserved 1179648K
  class space    used 9286K, committed 10240K, reserved 1048576K
}
Event: 2274.039 GC heap after
{Heap after GC invocations=2878 (full 7):
 PSYoungGen      total 4608K, used 448K [0x00000000d5580000, 0x00000000d5b00000, 0x0000000100000000)
  eden space 4096K, 0% used [0x00000000d5580000,0x00000000d5580000,0x00000000d5980000)
  from space 512K, 87% used [0x00000000d5a80000,0x00000000d5af0000,0x00000000d5b00000)
  to   space 512K, 0% used [0x00000000d5a00000,0x00000000d5a00000,0x00000000d5a80000)
 ParOldGen       total 456192K, used 455738K [0x0000000080000000, 0x000000009bd80000, 0x00000000d5580000)
  object space 456192K, 99% used [0x0000000080000000,0x000000009bd0e9e0,0x000000009bd80000)
 Metaspace       used 93237K, committed 95232K, reserved 1179648K
  class space    used 9286K, committed 10240K, reserved 1048576K
}

