# JRE version: OpenJDK Runtime Environment Temurin-21.0.9+10 (21.0.9+10) (build 21.0.9+10-LTS)
# Java VM: OpenJDK 64-Bit Server VM Temurin-21.0.9+10 (21.0.9+10-LTS, mixed mode, sharing, tiered, compressed oops, compressed class ptrs, parallel gc, windows-amd64)
GC Precious Log:
 CardTable entry size: 512
 CPUs: 8 total, 8 available
 Memory: 7834M
 Large Page Support: Disabled
 NUMA Support: Disabled
 Compressed Oops: Enabled (32-bit)
 Alignments: Space 512K, Generation 512K, Heap 2M
 Heap Min Capacity: 100M
 Heap Initial Capacity: 100M
 Heap Max Capacity: 2G
 Pre-touch: Disabled
 Parallel Workers: 8
Heap:
 PSYoungGen      total 9216K, used 5402K [0x00000000d5580000, 0x00000000d6300000, 0x0000000100000000)
  eden space 8704K, 60% used [0x00000000d5580000,0x00000000d5aaeae8,0x00000000d5e00000)
  from space 512K, 18% used [0x00000000d6280000,0x00000000d6298000,0x00000000d6300000)
  to   space 512K, 0% used [0x00000000d6200000,0x00000000d6200000,0x00000000d6280000)
 ParOldGen       total 962048K, used 237970K [0x0000000080000000, 0x00000000bab80000, 0x00000000d5580000)
  object space 962048K, 24% used [0x0000000080000000,0x000000008e864850,0x00000000bab80000)
 Metaspace       used 92957K, committed 94784K, reserved 1179648K
  class space    used 9469K, committed 10368K, reserved 1048576K
GC Heap History (20 events):
Event: 14221.303 GC heap before
{Heap before GC invocations=1808 (full 5):
 PSYoungGen      total 9728K, used 9727K [0x00000000d5580000, 0x00000000d6400000, 0x0000000100000000)
  eden space 8704K, 99% used [0x00000000d5580000,0x00000000d5dfffe0,0x00000000d5e00000)
  from space 1024K, 100% used [0x00000000d6200000,0x00000000d6300000,0x00000000d6300000)
  to   space 3072K, 0% used [0x00000000d5e00000,0x00000000d5e00000,0x00000000d6100000)
 ParOldGen       total 962048K, used 229316K [0x0000000080000000, 0x00000000bab80000, 0x00000000d5580000)
  object space 962048K, 23% used [0x0000000080000000,0x000000008dff1180,0x00000000bab80000)
 Metaspace       used 92602K, committed 94464K, reserved 1179648K
  class space    used 9439K, committed 10368K, reserved 1048576K
}
Event: 14221.306 GC heap after
{Heap after GC invocations=1808 (full 5):
 PSYoungGen      total 11776K, used 3055K [0x00000000d5580000, 0x00000000d6b00000, 0x0000000100000000)
  eden space 8704K, 0% used [0x00000000d5580000,0x00000000d5580000,0x00000000d5e00000)
  from space 3072K, 99% used [0x00000000d5e00000,0x00000000d60fbd78,0x00000000d6100000)
  to   space 6656K, 0% used [0x00000000d6480000,0x00000000d6480000,0x00000000d6b00000)
 ParOldGen       total 962048K, used 231939K [0x0000000080000000, 0x00000000bab80000, 0x00000000d5580000)
  object space 962048K, 24% used [0x0000000080000000,0x000000008e280fe0,0x00000000bab80000)
 Metaspace       used 92602K, committed 94464K, reserved 1179648K
  class space    used 9439K, committed 10368K, reserved 1048576K
}
Event: 14221.325 GC heap before
{Heap before GC invocations=1809 (full 5):
 PSYoungGen      total 11776K, used 11759K [0x00000000d5580000, 0x00000000d6b00000, 0x0000000100000000)
  eden space 8704K, 100% used [0x00000000d5580000,0x00000000d5e00000,0x00000000d5e00000)
  from space 3072K, 99% used [0x00000000d5e00000,0x00000000d60fbd78,0x00000000d6100000)
  to   space 6656K, 0% used [0x00000000d6480000,0x00000000d6480000,0x00000000d6b00000)
 ParOldGen       total 962048K, used 231939K [0x0000000080000000, 0x00000000bab80000, 0x00000000d5580000)
  object space 962048K, 24% used [0x0000000080000000,0x000000008e280fe0,0x00000000bab80000)
 Metaspace       used 92603K, committed 94464K, reserved 1179648K
  class space    used 9439K, committed 10368K, reserved 1048576K
}
Event: 14221.328 GC heap after
{Heap after GC invocations=1809 (full 5):
 PSYoungGen      total 12288K, used 3488K [0x00000000d5580000, 0x00000000d6800000, 0x0000000100000000)
  eden space 8704K, 0% used [0x00000000d5580000,0x00000000d5580000,0x00000000d5e00000)
  from space 3584K, 97% used [0x00000000d6480000,0x00000000d67e83f0,0x00000000d6800000)
  to   space 4608K, 0% used [0x00000000d5f00000,0x00000000d5f00000,0x00000000d6380000)
 ParOldGen       total 962048K, used 234969K [0x0000000080000000, 0x00000000bab80000, 0x00000000d5580000)
  object space 962048K, 24% used [0x0000000080000000,0x000000008e5767c0,0x00000000bab80000)
 Metaspace       used 92603K, committed 94464K, reserved 1179648K
  class space    used 9439K, committed 10368K, reserved 1048576K
}
Event: 14221.443 GC heap before
{Heap before GC invocations=1810 (full 5):
 PSYoungGen      total 12288K, used 12192K [0x00000000d5580000, 0x00000000d6800000, 0x0000000100000000)
  eden space 8704K, 100% used [0x00000000d5580000,0x00000000d5e00000,0x00000000d5e00000)
  from space 3584K, 97% used [0x00000000d6480000,0x00000000d67e83f0,0x00000000d6800000)
  to   space 4608K, 0% used [0x00000000d5f00000,0x00000000d5f00000,0x00000000d6380000)
 ParOldGen       total 962048K, used 234969K [0x0000000080000000, 0x00000000bab80000, 0x00000000d5580000)
  object space 962048K, 24% used [0x0000000080000000,0x000000008e5767c0,0x00000000bab80000)
 Metaspace       used 92633K, committed 94464K, reserved 1179648K
  class space    used 9439K, committed 10368K, reserved 1048576K
}
Event: 14221.445 GC heap after
{Heap after GC invocations=1810 (full 5):
 PSYoungGen      total 9216K, used 240K [0x00000000d5580000, 0x00000000d6500000, 0x0000000100000000)
  eden space 8704K, 0% used [0x00000000d5580000,0x00000000d5580000,0x00000000d5e00000)
  from space 512K, 46% used [0x00000000d5f00000,0x00000000d5f3c010,0x00000000d5f80000)
  to   space 2048K, 0% used [0x00000000d6300000,0x00000000d6300000,0x00000000d6500000)
 ParOldGen       total 962048K, used 236108K [0x0000000080000000, 0x00000000bab80000, 0x00000000d5580000)
  object space 962048K, 24% used [0x0000000080000000,0x000000008e6932a8,0x00000000bab80000)
 Metaspace       used 92633K, committed 94464K, reserved 1179648K
  class space    used 9439K, committed 10368K, reserved 1048576K
}
Event: 14221.987 GC heap before
{Heap before GC invocations=1811 (full 5):
 PSYoungGen      total 9216K, used 8943K [0x00000000d5580000, 0x00000000d6500000, 0x0000000100000000)
  eden space 8704K, 99% used [0x00000000d5580000,0x00000000d5dfffc0,0x00000000d5e00000)
  from space 512K, 46% used [0x00000000d5f00000,0x00000000d5f3c010,0x00000000d5f80000)
  to   space 2048K, 0% used [0x00000000d6300000,0x00000000d6300000,0x00000000d6500000)
 ParOldGen       total 962048K, used 236108K [0x0000000080000000, 0x00000000bab80000, 0x00000000d5580000)
  object space 962048K, 24% used [0x0000000080000000,0x000000008e6932a8,0x00000000bab80000)
 Metaspace       used 92672K, committed 94528K, reserved 1179648K
  class space    used 9439K, committed 10368K, reserved 1048576K
}
Event: 14221.989 GC heap after
{Heap after GC invocations=1811 (full 5):
 PSYoungGen      total 9728K, used 964K [0x00000000d5580000, 0x00000000d6400000, 0x0000000100000000)
  eden space 8704K, 0% used [0x00000000d5580000,0x00000000d5580000,0x00000000d5e00000)
  from space 1024K, 94% used [0x00000000d6300000,0x00000000d63f1210,0x00000000d6400000)
  to   space 1536K, 0% used [0x00000000d6100000,0x00000000d6100000,0x00000000d6280000)
 ParOldGen       total 962048K, used 236180K [0x0000000080000000, 0x00000000bab80000, 0x00000000d5580000)
  object space 962048K, 24% used [0x0000000080000000,0x000000008e6a52b8,0x00000000bab80000)
 Metaspace       used 92672K, committed 94528K, reserved 1179648K
  class space    used 9439K, committed 10368K, reserved 1048576K
}
Event: 14222.019 GC heap before
{Heap before GC invocations=1812 (full 5):
 PSYoungGen      total 9728K, used 9663K [0x00000000d5580000, 0x00000000d6400000, 0x0000000100000000)
  eden space 8704K, 99% used [0x00000000d5580000,0x00000000d5dfeda8,0x00000000d5e00000)
  from space 1024K, 94% used [0x00000000d6300000,0x00000000d63f1210,0x00000000d6400000)
  to   space 1536K, 0% used [0x00000000d6100000,0x00000000d6100000,0x00000000d6280000)
 ParOldGen       total 962048K, used 236180K [0x0000000080000000, 0x00000000bab80000, 0x00000000d5580000)
  object space 962048K, 24% used [0x0000000080000000,0x000000008e6a52b8,0x00000000bab80000)
 Metaspace       used 92683K, committed 94528K, reserved 1179648K
  class space    used 9439K, committed 10368K, reserved 1048576K
}
Event: 14222.021 GC heap after
{Heap after GC invocations=1812 (full 5):
 PSYoungGen      total 10240K, used 448K [0x00000000d5580000, 0x00000000d6380000, 0x0000000100000000)
  eden space 8704K, 0% used [0x00000000d5580000,0x00000000d5580000,0x00000000d5e00000)
  from space 1536K, 29% used [0x00000000d6100000,0x00000000d6170000,0x00000000d6280000)
  to   space 1024K, 0% used [0x00000000d6280000,0x00000000d6280000,0x00000000d6380000)
 ParOldGen       total 962048K, used 237003K [0x0000000080000000, 0x00000000bab80000, 0x00000000d5580000)
  object space 962048K, 24% used [0x0000000080000000,0x000000008e772d08,0x00000000bab80000)
 Metaspace       used 92683K, committed 94528K, reserved 1179648K
  class space    used 9439K, committed 10368K, reserved 1048576K
}
Event: 14223.484 GC heap before
{Heap before GC invocations=1813 (full 5):
 PSYoungGen      total 10240K, used 9034K [0x00000000d5580000, 0x00000000d6380000, 0x0000000100000000)
  eden space 8704K, 98% used [0x00000000d5580000,0x00000000d5de2bf0,0x00000000d5e00000)
  from space 1536K, 29% used [0x00000000d6100000,0x00000000d6170000,0x00000000d6280000)
  to   space 1024K, 0% used [0x00000000d6280000,0x00000000d6280000,0x00000000d6380000)
 ParOldGen       total 962048K, used 237003K [0x0000000080000000, 0x00000000bab80000, 0x00000000d5580000)
  object space 962048K, 24% used [0x0000000080000000,0x000000008e772d08,0x00000000bab80000)
 Metaspace       used 92687K, committed 94528K, reserved 1179648K
  class space    used 9439K, committed 10368K, reserved 1048576K
}
Event: 14223.485 GC heap after
{Heap after GC invocations=1813 (full 5):
 PSYoungGen      total 9216K, used 256K [0x00000000d5580000, 0x00000000d6300000, 0x0000000100000000)
  eden space 8704K, 0% used [0x00000000d5580000,0x00000000d5580000,0x00000000d5e00000)
  from space 512K, 50% used [0x00000000d6280000,0x00000000d62c0000,0x00000000d6300000)
  to   space 512K, 0% used [0x00000000d6200000,0x00000000d6200000,0x00000000d6280000)
 ParOldGen       total 962048K, used 237342K [0x0000000080000000, 0x00000000bab80000, 0x00000000d5580000)
  object space 962048K, 24% used [0x0000000080000000,0x000000008e7c7bf8,0x00000000bab80000)
 Metaspace       used 92687K, committed 94528K, reserved 1179648K
  class space    used 9439K, committed 10368K, reserved 1048576K
}
Event: 14430.042 GC heap before
{Heap before GC invocations=1814 (full 5):
 PSYoungGen      total 9216K, used 8959K [0x00000000d5580000, 0x00000000d6300000, 0x0000000100000000)
  eden space 8704K, 99% used [0x00000000d5580000,0x00000000d5dfffe8,0x00000000d5e00000)
  from space 512K, 50% used [0x00000000d6280000,0x00000000d62c0000,0x00000000d6300000)
  to   space 512K, 0% used [0x00000000d6200000,0x00000000d6200000,0x00000000d6280000)
 ParOldGen       total 962048K, used 237342K [0x0000000080000000, 0x00000000bab80000, 0x00000000d5580000)
  object space 962048K, 24% used [0x0000000080000000,0x000000008e7c7bf8,0x00000000bab80000)
 Metaspace       used 92938K, committed 94784K, reserved 1179648K
  class space    used 9466K, committed 10368K, reserved 1048576K
}
Event: 14430.059 GC heap after
{Heap after GC invocations=1814 (full 5):
 PSYoungGen      total 9216K, used 510K [0x00000000d5580000, 0x00000000d6300000, 0x0000000100000000)
  eden space 8704K, 0% used [0x00000000d5580000,0x00000000d5580000,0x00000000d5e00000)
  from space 512K, 99% used [0x00000000d6200000,0x00000000d627fb10,0x00000000d6280000)
  to   space 512K, 0% used [0x00000000d6280000,0x00000000d6280000,0x00000000d6300000)
 ParOldGen       total 962048K, used 237399K [0x0000000080000000, 0x00000000bab80000, 0x00000000d5580000)
  object space 962048K, 24% used [0x0000000080000000,0x000000008e7d5c08,0x00000000bab80000)
 Metaspace       used 92938K, committed 94784K, reserved 1179648K
  class space    used 9466K, committed 10368K, reserved 1048576K
}
Event: 14430.114 GC heap before
{Heap before GC invocations=1815 (full 5):
 PSYoungGen      total 9216K, used 9135K [0x00000000d5580000, 0x00000000d6300000, 0x0000000100000000)
  eden space 8704K, 99% used [0x00000000d5580000,0x00000000d5dec200,0x00000000d5e00000)
  from space 512K, 99% used [0x00000000d6200000,0x00000000d627fb10,0x00000000d6280000)
  to   space 512K, 0% used [0x00000000d6280000,0x00000000d6280000,0x00000000d6300000)
 ParOldGen       total 962048K, used 237399K [0x0000000080000000, 0x00000000bab80000, 0x00000000d5580000)
  object space 962048K, 24% used [0x0000000080000000,0x000000008e7d5c08,0x00000000bab80000)
 Metaspace       used 92953K, committed 94784K, reserved 1179648K
  class space    used 9469K, committed 10368K, reserved 1048576K
}
Event: 14430.117 GC heap after
{Heap after GC invocations=1815 (full 5):
 PSYoungGen      total 9216K, used 372K [0x00000000d5580000, 0x00000000d6300000, 0x0000000100000000)
  eden space 8704K, 0% used [0x00000000d5580000,0x00000000d5580000,0x00000000d5e00000)
  from space 512K, 72% used [0x00000000d6280000,0x00000000d62dd200,0x00000000d6300000)
  to   space 512K, 0% used [0x00000000d6200000,0x00000000d6200000,0x00000000d6280000)
 ParOldGen       total 962048K, used 237714K [0x0000000080000000, 0x00000000bab80000, 0x00000000d5580000)
  object space 962048K, 24% used [0x0000000080000000,0x000000008e824850,0x00000000bab80000)
 Metaspace       used 92953K, committed 94784K, reserved 1179648K
  class space    used 9469K, committed 10368K, reserved 1048576K
}
Event: 44394.418 GC heap before
{Heap before GC invocations=1816 (full 5):
 PSYoungGen      total 9216K, used 9076K [0x00000000d5580000, 0x00000000d6300000, 0x0000000100000000)
  eden space 8704K, 100% used [0x00000000d5580000,0x00000000d5e00000,0x00000000d5e00000)
  from space 512K, 72% used [0x00000000d6280000,0x00000000d62dd200,0x00000000d6300000)
  to   space 512K, 0% used [0x00000000d6200000,0x00000000d6200000,0x00000000d6280000)
 ParOldGen       total 962048K, used 237714K [0x0000000080000000, 0x00000000bab80000, 0x00000000d5580000)
  object space 962048K, 24% used [0x0000000080000000,0x000000008e824850,0x00000000bab80000)
 Metaspace       used 92957K, committed 94784K, reserved 1179648K
  class space    used 9469K, committed 10368K, reserved 1048576K
}
Event: 44394.421 GC heap after
{Heap after GC invocations=1816 (full 5):
 PSYoungGen      total 9216K, used 224K [0x00000000d5580000, 0x00000000d6300000, 0x0000000100000000)
  eden space 8704K, 0% used [0x00000000d5580000,0x00000000d5580000,0x00000000d5e00000)
  from space 512K, 43% used [0x00000000d6200000,0x00000000d6238000,0x00000000d6280000)
  to   space 512K, 0% used [0x00000000d6280000,0x00000000d6280000,0x00000000d6300000)
 ParOldGen       total 962048K, used 237898K [0x0000000080000000, 0x00000000bab80000, 0x00000000d5580000)
  object space 962048K, 24% used [0x0000000080000000,0x000000008e852850,0x00000000bab80000)
 Metaspace       used 92957K, committed 94784K, reserved 1179648K
  class space    used 9469K, committed 10368K, reserved 1048576K
}
Event: 44394.462 GC heap before
{Heap before GC invocations=1817 (full 5):
 PSYoungGen      total 9216K, used 8928K [0x00000000d5580000, 0x00000000d6300000, 0x0000000100000000)
  eden space 8704K, 100% used [0x00000000d5580000,0x00000000d5e00000,0x00000000d5e00000)
  from space 512K, 43% used [0x00000000d6200000,0x00000000d6238000,0x00000000d6280000)
  to   space 512K, 0% used [0x00000000d6280000,0x00000000d6280000,0x00000000d6300000)
 ParOldGen       total 962048K, used 237898K [0x0000000080000000, 0x00000000bab80000, 0x00000000d5580000)
  object space 962048K, 24% used [0x0000000080000000,0x000000008e852850,0x00000000bab80000)
 Metaspace       used 92957K, committed 94784K, reserved 1179648K
  class space    used 9469K, committed 10368K, reserved 1048576K
}
Event: 44394.464 GC heap after
{Heap after GC invocations=1817 (full 5):
 PSYoungGen      total 9216K, used 96K [0x00000000d5580000, 0x00000000d6300000, 0x0000000100000000)
  eden space 8704K, 0% used [0x00000000d5580000,0x00000000d5580000,0x00000000d5e00000)
  from space 512K, 18% used [0x00000000d6280000,0x00000000d6298000,0x00000000d6300000)
  to   space 512K, 0% used [0x00000000d6200000,0x00000000d6200000,0x00000000d6280000)
 ParOldGen       total 962048K, used 237970K [0x0000000080000000, 0x00000000bab80000, 0x00000000d5580000)
  object space 962048K, 24% used [0x0000000080000000,0x000000008e864850,0x00000000bab80000)
 Metaspace       used 92957K, committed 94784K, reserved 1179648K
  class space    used 9469K, committed 10368K, reserved 1048576K
}

