# JRE version: OpenJDK Runtime Environment Temurin-21.0.9+10 (21.0.9+10) (build 21.0.9+10-LTS)
# Java VM: OpenJDK 64-Bit Server VM Temurin-21.0.9+10 (21.0.9+10-LTS, mixed mode, sharing, tiered, compressed oops, compressed class ptrs, parallel gc, windows-amd64)
GC Precious Log:
 CardTable entry size: 512
 CPUs: 8 total, 8 available
 Memory: 7834M
 Large Page Support: Disabled
 NUMA Support: Disabled
 Compressed Oops: Enabled (32-bit)
 Alignments: Space 512K, Generation 512K, Heap 2M
 Heap Min Capacity: 100M
 Heap Initial Capacity: 100M
 Heap Max Capacity: 2G
 Pre-touch: Disabled
 Parallel Workers: 8
Heap:
 PSYoungGen      total 2048K, used 1266K [0x00000000d5580000, 0x00000000d5980000, 0x0000000100000000)
  eden space 1536K, 67% used [0x00000000d5580000,0x00000000d56848f8,0x00000000d5700000)
  from space 512K, 43% used [0x00000000d5900000,0x00000000d5938020,0x00000000d5980000)
  to   space 512K, 0% used [0x00000000d5880000,0x00000000d5880000,0x00000000d5900000)
 ParOldGen       total 271872K, used 152596K [0x0000000080000000, 0x0000000090980000, 0x00000000d5580000)
  object space 271872K, 56% used [0x0000000080000000,0x00000000895051e0,0x0000000090980000)
 Metaspace       used 79096K, committed 80768K, reserved 1179648K
  class space    used 8090K, committed 8896K, reserved 1048576K
GC Heap History (20 events):
Event: 717.433 GC heap before
{Heap before GC invocations=491 (full 4):
 PSYoungGen      total 6144K, used 6125K [0x00000000d5580000, 0x00000000d6180000, 0x0000000100000000)
  eden space 3072K, 100% used [0x00000000d5580000,0x00000000d5880000,0x00000000d5880000)
  from space 3072K, 99% used [0x00000000d5c80000,0x00000000d5f7b7f0,0x00000000d5f80000)
  to   space 4096K, 0% used [0x00000000d5880000,0x00000000d5880000,0x00000000d5c80000)
 ParOldGen       total 271872K, used 146630K [0x0000000080000000, 0x0000000090980000, 0x00000000d5580000)
  object space 271872K, 53% used [0x0000000080000000,0x0000000088f31870,0x0000000090980000)
 Metaspace       used 79064K, committed 80768K, reserved 1179648K
  class space    used 8090K, committed 8896K, reserved 1048576K
}
Event: 717.438 GC heap after
{Heap after GC invocations=491 (full 4):
 PSYoungGen      total 3584K, used 282K [0x00000000d5580000, 0x00000000d5d00000, 0x0000000100000000)
  eden space 3072K, 0% used [0x00000000d5580000,0x00000000d5580000,0x00000000d5880000)
  from space 512K, 55% used [0x00000000d5880000,0x00000000d58c6900,0x00000000d5900000)
  to   space 1536K, 0% used [0x00000000d5b80000,0x00000000d5b80000,0x00000000d5d00000)
 ParOldGen       total 271872K, used 147846K [0x0000000080000000, 0x0000000090980000, 0x00000000d5580000)
  object space 271872K, 54% used [0x0000000080000000,0x0000000089061870,0x0000000090980000)
 Metaspace       used 79064K, committed 80768K, reserved 1179648K
  class space    used 8090K, committed 8896K, reserved 1048576K
}
Event: 717.443 GC heap before
{Heap before GC invocations=492 (full 4):
 PSYoungGen      total 3584K, used 3354K [0x00000000d5580000, 0x00000000d5d00000, 0x0000000100000000)
  eden space 3072K, 99% used [0x00000000d5580000,0x00000000d587ffc8,0x00000000d5880000)
  from space 512K, 55% used [0x00000000d5880000,0x00000000d58c6900,0x00000000d5900000)
  to   space 1536K, 0% used [0x00000000d5b80000,0x00000000d5b80000,0x00000000d5d00000)
 ParOldGen       total 271872K, used 147846K [0x0000000080000000, 0x0000000090980000, 0x00000000d5580000)
  object space 271872K, 54% used [0x0000000080000000,0x0000000089061870,0x0000000090980000)
 Metaspace       used 79065K, committed 80768K, reserved 1179648K
  class space    used 8090K, committed 8896K, reserved 1048576K
}
Event: 717.444 GC heap after
{Heap after GC invocations=492 (full 4):
 PSYoungGen      total 4608K, used 1508K [0x00000000d5580000, 0x00000000d5d80000, 0x0000000100000000)
  eden space 3072K, 0% used [0x00000000d5580000,0x00000000d5580000,0x00000000d5880000)
  from space 1536K, 98% used [0x00000000d5b80000,0x00000000d5cf9270,0x00000000d5d00000)
  to   space 2560K, 0% used [0x00000000d5880000,0x00000000d5880000,0x00000000d5b00000)
 ParOldGen       total 271872K, used 148242K [0x0000000080000000, 0x0000000090980000, 0x00000000d5580000)
  object space 271872K, 54% used [0x0000000080000000,0x00000000890c4a70,0x0000000090980000)
 Metaspace       used 79065K, committed 80768K, reserved 1179648K
  class space    used 8090K, committed 8896K, reserved 1048576K
}
Event: 717.449 GC heap before
{Heap before GC invocations=493 (full 4):
 PSYoungGen      total 4608K, used 4580K [0x00000000d5580000, 0x00000000d5d80000, 0x0000000100000000)
  eden space 3072K, 100% used [0x00000000d5580000,0x00000000d5880000,0x00000000d5880000)
  from space 1536K, 98% used [0x00000000d5b80000,0x00000000d5cf9270,0x00000000d5d00000)
  to   space 2560K, 0% used [0x00000000d5880000,0x00000000d5880000,0x00000000d5b00000)
 ParOldGen       total 271872K, used 148242K [0x0000000080000000, 0x0000000090980000, 0x00000000d5580000)
  object space 271872K, 54% used [0x0000000080000000,0x00000000890c4a70,0x0000000090980000)
 Metaspace       used 79065K, committed 80768K, reserved 1179648K
  class space    used 8090K, committed 8896K, reserved 1048576K
}
Event: 717.450 GC heap after
{Heap after GC invocations=493 (full 4):
 PSYoungGen      total 4096K, used 813K [0x00000000d5580000, 0x00000000d5c00000, 0x0000000100000000)
  eden space 3072K, 0% used [0x00000000d5580000,0x00000000d5580000,0x00000000d5880000)
  from space 1024K, 79% used [0x00000000d5880000,0x00000000d594b7f0,0x00000000d5980000)
  to   space 1536K, 0% used [0x00000000d5a80000,0x00000000d5a80000,0x00000000d5c00000)
 ParOldGen       total 271872K, used 148430K [0x0000000080000000, 0x0000000090980000, 0x00000000d5580000)
  object space 271872K, 54% used [0x0000000080000000,0x00000000890f39f0,0x0000000090980000)
 Metaspace       used 79065K, committed 80768K, reserved 1179648K
  class space    used 8090K, committed 8896K, reserved 1048576K
}
Event: 717.453 GC heap before
{Heap before GC invocations=494 (full 4):
 PSYoungGen      total 4096K, used 3885K [0x00000000d5580000, 0x00000000d5c00000, 0x0000000100000000)
  eden space 3072K, 100% used [0x00000000d5580000,0x00000000d5880000,0x00000000d5880000)
  from space 1024K, 79% used [0x00000000d5880000,0x00000000d594b7f0,0x00000000d5980000)
  to   space 1536K, 0% used [0x00000000d5a80000,0x00000000d5a80000,0x00000000d5c00000)
 ParOldGen       total 271872K, used 148430K [0x0000000080000000, 0x0000000090980000, 0x00000000d5580000)
  object space 271872K, 54% used [0x0000000080000000,0x00000000890f39f0,0x0000000090980000)
 Metaspace       used 79065K, committed 80768K, reserved 1179648K
  class space    used 8090K, committed 8896K, reserved 1048576K
}
Event: 717.456 GC heap after
{Heap after GC invocations=494 (full 4):
 PSYoungGen      total 3072K, used 1536K [0x00000000d5580000, 0x00000000d6080000, 0x0000000100000000)
  eden space 1536K, 0% used [0x00000000d5580000,0x00000000d5580000,0x00000000d5700000)
  from space 1536K, 100% used [0x00000000d5a80000,0x00000000d5c00000,0x00000000d5c00000)
  to   space 3584K, 0% used [0x00000000d5700000,0x00000000d5700000,0x00000000d5a80000)
 ParOldGen       total 271872K, used 150020K [0x0000000080000000, 0x0000000090980000, 0x00000000d5580000)
  object space 271872K, 55% used [0x0000000080000000,0x00000000892811e0,0x0000000090980000)
 Metaspace       used 79065K, committed 80768K, reserved 1179648K
  class space    used 8090K, committed 8896K, reserved 1048576K
}
Event: 717.828 GC heap before
{Heap before GC invocations=495 (full 4):
 PSYoungGen      total 3072K, used 3072K [0x00000000d5580000, 0x00000000d6080000, 0x0000000100000000)
  eden space 1536K, 100% used [0x00000000d5580000,0x00000000d5700000,0x00000000d5700000)
  from space 1536K, 100% used [0x00000000d5a80000,0x00000000d5c00000,0x00000000d5c00000)
  to   space 3584K, 0% used [0x00000000d5700000,0x00000000d5700000,0x00000000d5a80000)
 ParOldGen       total 271872K, used 150020K [0x0000000080000000, 0x0000000090980000, 0x00000000d5580000)
  object space 271872K, 55% used [0x0000000080000000,0x00000000892811e0,0x0000000090980000)
 Metaspace       used 79066K, committed 80768K, reserved 1179648K
  class space    used 8090K, committed 8896K, reserved 1048576K
}
Event: 717.839 GC heap after
{Heap after GC invocations=495 (full 4):
 PSYoungGen      total 3072K, used 1088K [0x00000000d5580000, 0x00000000d5b00000, 0x0000000100000000)
  eden space 1536K, 0% used [0x00000000d5580000,0x00000000d5580000,0x00000000d5700000)
  from space 1536K, 70% used [0x00000000d5700000,0x00000000d5810000,0x00000000d5880000)
  to   space 2048K, 0% used [0x00000000d5900000,0x00000000d5900000,0x00000000d5b00000)
 ParOldGen       total 271872K, used 151588K [0x0000000080000000, 0x0000000090980000, 0x00000000d5580000)
  object space 271872K, 55% used [0x0000000080000000,0x00000000894091e0,0x0000000090980000)
 Metaspace       used 79066K, committed 80768K, reserved 1179648K
  class space    used 8090K, committed 8896K, reserved 1048576K
}
Event: 718.007 GC heap before
{Heap before GC invocations=496 (full 4):
 PSYoungGen      total 3072K, used 2624K [0x00000000d5580000, 0x00000000d5b00000, 0x0000000100000000)
  eden space 1536K, 100% used [0x00000000d5580000,0x00000000d5700000,0x00000000d5700000)
  from space 1536K, 70% used [0x00000000d5700000,0x00000000d5810000,0x00000000d5880000)
  to   space 2048K, 0% used [0x00000000d5900000,0x00000000d5900000,0x00000000d5b00000)
 ParOldGen       total 271872K, used 151588K [0x0000000080000000, 0x0000000090980000, 0x00000000d5580000)
  object space 271872K, 55% used [0x0000000080000000,0x00000000894091e0,0x0000000090980000)
 Metaspace       used 79068K, committed 80768K, reserved 1179648K
  class space    used 8090K, committed 8896K, reserved 1048576K
}
Event: 718.011 GC heap after
{Heap after GC invocations=496 (full 4):
 PSYoungGen      total 2048K, used 282K [0x00000000d5580000, 0x00000000d5980000, 0x0000000100000000)
  eden space 1536K, 0% used [0x00000000d5580000,0x00000000d5580000,0x00000000d5700000)
  from space 512K, 55% used [0x00000000d5900000,0x00000000d5946900,0x00000000d5980000)
  to   space 1024K, 0% used [0x00000000d5780000,0x00000000d5780000,0x00000000d5880000)
 ParOldGen       total 271872K, used 152580K [0x0000000080000000, 0x0000000090980000, 0x00000000d5580000)
  object space 271872K, 56% used [0x0000000080000000,0x00000000895011e0,0x0000000090980000)
 Metaspace       used 79068K, committed 80768K, reserved 1179648K
  class space    used 8090K, committed 8896K, reserved 1048576K
}
Event: 718.411 GC heap before
{Heap before GC invocations=497 (full 4):
 PSYoungGen      total 2048K, used 1818K [0x00000000d5580000, 0x00000000d5980000, 0x0000000100000000)
  eden space 1536K, 100% used [0x00000000d5580000,0x00000000d5700000,0x00000000d5700000)
  from space 512K, 55% used [0x00000000d5900000,0x00000000d5946900,0x00000000d5980000)
  to   space 1024K, 0% used [0x00000000d5780000,0x00000000d5780000,0x00000000d5880000)
 ParOldGen       total 271872K, used 152580K [0x0000000080000000, 0x0000000090980000, 0x00000000d5580000)
  object space 271872K, 56% used [0x0000000080000000,0x00000000895011e0,0x0000000090980000)
 Metaspace       used 79071K, committed 80768K, reserved 1179648K
  class space    used 8090K, committed 8896K, reserved 1048576K
}
Event: 718.411 GC heap after
{Heap after GC invocations=497 (full 4):
 PSYoungGen      total 2560K, used 192K [0x00000000d5580000, 0x00000000d5980000, 0x0000000100000000)
  eden space 1536K, 0% used [0x00000000d5580000,0x00000000d5580000,0x00000000d5700000)
  from space 1024K, 18% used [0x00000000d5780000,0x00000000d57b0000,0x00000000d5880000)
  to   space 512K, 0% used [0x00000000d5900000,0x00000000d5900000,0x00000000d5980000)
 ParOldGen       total 271872K, used 152596K [0x0000000080000000, 0x0000000090980000, 0x00000000d5580000)
  object space 271872K, 56% used [0x0000000080000000,0x00000000895051e0,0x0000000090980000)
 Metaspace       used 79071K, committed 80768K, reserved 1179648K
  class space    used 8090K, committed 8896K, reserved 1048576K
}
Event: 719.029 GC heap before
{Heap before GC invocations=498 (full 4):
 PSYoungGen      total 2560K, used 1728K [0x00000000d5580000, 0x00000000d5980000, 0x0000000100000000)
  eden space 1536K, 100% used [0x00000000d5580000,0x00000000d5700000,0x00000000d5700000)
  from space 1024K, 18% used [0x00000000d5780000,0x00000000d57b0000,0x00000000d5880000)
  to   space 512K, 0% used [0x00000000d5900000,0x00000000d5900000,0x00000000d5980000)
 ParOldGen       total 271872K, used 152596K [0x0000000080000000, 0x0000000090980000, 0x00000000d5580000)
  object space 271872K, 56% used [0x0000000080000000,0x00000000895051e0,0x0000000090980000)
 Metaspace       used 79071K, committed 80768K, reserved 1179648K
  class space    used 8090K, committed 8896K, reserved 1048576K
}
Event: 719.029 GC heap after
{Heap after GC invocations=498 (full 4):
 PSYoungGen      total 2048K, used 224K [0x00000000d5580000, 0x00000000d5980000, 0x0000000100000000)
  eden space 1536K, 0% used [0x00000000d5580000,0x00000000d5580000,0x00000000d5700000)
  from space 512K, 43% used [0x00000000d5900000,0x00000000d5938000,0x00000000d5980000)
  to   space 512K, 0% used [0x00000000d5880000,0x00000000d5880000,0x00000000d5900000)
 ParOldGen       total 271872K, used 152596K [0x0000000080000000, 0x0000000090980000, 0x00000000d5580000)
  object space 271872K, 56% used [0x0000000080000000,0x00000000895051e0,0x0000000090980000)
 Metaspace       used 79071K, committed 80768K, reserved 1179648K
  class space    used 8090K, committed 8896K, reserved 1048576K
}
Event: 720.876 GC heap before
{Heap before GC invocations=499 (full 4):
 PSYoungGen      total 2048K, used 1760K [0x00000000d5580000, 0x00000000d5980000, 0x0000000100000000)
  eden space 1536K, 100% used [0x00000000d5580000,0x00000000d5700000,0x00000000d5700000)
  from space 512K, 43% used [0x00000000d5900000,0x00000000d5938000,0x00000000d5980000)
  to   space 512K, 0% used [0x00000000d5880000,0x00000000d5880000,0x00000000d5900000)
 ParOldGen       total 271872K, used 152596K [0x0000000080000000, 0x0000000090980000, 0x00000000d5580000)
  object space 271872K, 56% used [0x0000000080000000,0x00000000895051e0,0x0000000090980000)
 Metaspace       used 79071K, committed 80768K, reserved 1179648K
  class space    used 8090K, committed 8896K, reserved 1048576K
}
Event: 720.877 GC heap after
{Heap after GC invocations=499 (full 4):
 PSYoungGen      total 2048K, used 224K [0x00000000d5580000, 0x00000000d5980000, 0x0000000100000000)
  eden space 1536K, 0% used [0x00000000d5580000,0x00000000d5580000,0x00000000d5700000)
  from space 512K, 43% used [0x00000000d5880000,0x00000000d58b8000,0x00000000d5900000)
  to   space 512K, 0% used [0x00000000d5900000,0x00000000d5900000,0x00000000d5980000)
 ParOldGen       total 271872K, used 152596K [0x0000000080000000, 0x0000000090980000, 0x00000000d5580000)
  object space 271872K, 56% used [0x0000000080000000,0x00000000895051e0,0x0000000090980000)
 Metaspace       used 79071K, committed 80768K, reserved 1179648K
  class space    used 8090K, committed 8896K, reserved 1048576K
}
Event: 806.121 GC heap before
{Heap before GC invocations=500 (full 4):
 PSYoungGen      total 2048K, used 1760K [0x00000000d5580000, 0x00000000d5980000, 0x0000000100000000)
  eden space 1536K, 100% used [0x00000000d5580000,0x00000000d5700000,0x00000000d5700000)
  from space 512K, 43% used [0x00000000d5880000,0x00000000d58b8000,0x00000000d5900000)
  to   space 512K, 0% used [0x00000000d5900000,0x00000000d5900000,0x00000000d5980000)
 ParOldGen       total 271872K, used 152596K [0x0000000080000000, 0x0000000090980000, 0x00000000d5580000)
  object space 271872K, 56% used [0x0000000080000000,0x00000000895051e0,0x0000000090980000)
 Metaspace       used 79083K, committed 80768K, reserved 1179648K
  class space    used 8090K, committed 8896K, reserved 1048576K
}
Event: 806.122 GC heap after
{Heap after GC invocations=500 (full 4):
 PSYoungGen      total 2048K, used 224K [0x00000000d5580000, 0x00000000d5980000, 0x0000000100000000)
  eden space 1536K, 0% used [0x00000000d5580000,0x00000000d5580000,0x00000000d5700000)
  from space 512K, 43% used [0x00000000d5900000,0x00000000d5938020,0x00000000d5980000)
  to   space 512K, 0% used [0x00000000d5880000,0x00000000d5880000,0x00000000d5900000)
 ParOldGen       total 271872K, used 152596K [0x0000000080000000, 0x0000000090980000, 0x00000000d5580000)
  object space 271872K, 56% used [0x0000000080000000,0x00000000895051e0,0x0000000090980000)
 Metaspace       used 79083K, committed 80768K, reserved 1179648K
  class space    used 8090K, committed 8896K, reserved 1048576K
}

